<?xml version="1.0" encoding="UTF-8"?>
<robot generator="Robot 7.1.1 (Python 3.11.3 on win32)" generated="2025-01-10T15:43:48.968246" rpa="false" schemaversion="5">
<suite id="s1" name="Front Office" source="C:\Users\HP\PycharmProjects\Front_Office\Tests\Front_Office.robot">
<test id="s1-t1" name="Should be land front to office page" line="18">
<kw name="Begin web page" owner="Common" type="SETUP">
<kw name="Open Browser" owner="SeleniumLibrary">
<msg time="2025-01-10T15:43:49.323262" level="INFO">Opening browser 'firefox' to base url 'blank:blank'.</msg>
<msg time="2025-01-10T15:43:58.021416" level="INFO" html="true">&lt;/td&gt;&lt;/tr&gt;&lt;tr&gt;&lt;td colspan="3"&gt;&lt;a href="selenium-screenshot-13.png"&gt;&lt;img src="selenium-screenshot-13.png" width="800px"&gt;&lt;/a&gt;</msg>
<msg time="2025-01-10T15:43:58.022417" level="FAIL">WebDriverException: Message: Reached error page: about:neterror?e=unknownProtocolFound&amp;u=blank%3Ablank&amp;c=UTF-8&amp;d=Firefox%20doesn%E2%80%99t%20know%20how%20to%20open%20this%20address%2C%20because%20one%20of%20the%20following%20protocols%20%28blank%29%20isn%E2%80%99t%20associated%20with%20any%20program%20or%20is%20not%20allowed%20in%20this%20context.
Stacktrace:
RemoteError@chrome://remote/content/shared/RemoteError.sys.mjs:8:8
WebDriverError@chrome://remote/content/shared/webdriver/Errors.sys.mjs:193:5
UnknownError@chrome://remote/content/shared/webdriver/Errors.sys.mjs:832:5
checkReadyState@chrome://remote/content/marionette/navigate.sys.mjs:58:24
onNavigation@chrome://remote/content/marionette/navigate.sys.mjs:344:39
emit@resource://gre/modules/EventEmitter.sys.mjs:148:20
receiveMessage@chrome://remote/content/marionette/actors/MarionetteEventsParent.sys.mjs:33:25
</msg>
<arg>blank:blank</arg>
<arg>${BROWSER}</arg>
<doc>Opens a new browser instance to the optional ``url``.</doc>
<status status="FAIL" start="2025-01-10T15:43:49.322241" elapsed="8.703183">WebDriverException: Message: Reached error page: about:neterror?e=unknownProtocolFound&amp;u=blank%3Ablank&amp;c=UTF-8&amp;d=Firefox%20doesn%E2%80%99t%20know%20how%20to%20open%20this%20address%2C%20because%20one%20of%20the%20following%20protocols%20%28blank%29%20isn%E2%80%99t%20associated%20with%20any%20program%20or%20is%20not%20allowed%20in%20this%20context.
Stacktrace:
RemoteError@chrome://remote/content/shared/RemoteError.sys.mjs:8:8
WebDriverError@chrome://remote/content/shared/webdriver/Errors.sys.mjs:193:5
UnknownError@chrome://remote/content/shared/webdriver/Errors.sys.mjs:832:5
checkReadyState@chrome://remote/content/marionette/navigate.sys.mjs:58:24
onNavigation@chrome://remote/content/marionette/navigate.sys.mjs:344:39
emit@resource://gre/modules/EventEmitter.sys.mjs:148:20
receiveMessage@chrome://remote/content/marionette/actors/MarionetteEventsParent.sys.mjs:33:25
</status>
</kw>
<status status="FAIL" start="2025-01-10T15:43:49.321243" elapsed="8.705178">WebDriverException: Message: Reached error page: about:neterror?e=unknownProtocolFound&amp;u=blank%3Ablank&amp;c=UTF-8&amp;d=Firefox%20doesn%E2%80%99t%20know%20how%20to%20open%20this%20address%2C%20because%20one%20of%20the%20following%20protocols%20%28blank%29%20isn%E2%80%99t%20associated%20with%20any%20program%20or%20is%20not%20allowed%20in%20this%20context.
Stacktrace:
RemoteError@chrome://remote/content/shared/RemoteError.sys.mjs:8:8
WebDriverError@chrome://remote/content/shared/webdriver/Errors.sys.mjs:193:5
UnknownError@chrome://remote/content/shared/webdriver/Errors.sys.mjs:832:5
checkReadyState@chrome://remote/content/marionette/navigate.sys.mjs:58:24
onNavigation@chrome://remote/content/marionette/navigate.sys.mjs:344:39
emit@resource://gre/modules/EventEmitter.sys.mjs:148:20
receiveMessage@chrome://remote/content/marionette/actors/MarionetteEventsParent.sys.mjs:33:25
</status>
</kw>
<kw name="End web page" owner="Common" type="TEARDOWN">
<kw name="Close Browser" owner="SeleniumLibrary">
<doc>Closes the current browser.</doc>
<status status="PASS" start="2025-01-10T15:43:58.028419" elapsed="3.332387"/>
</kw>
<status status="PASS" start="2025-01-10T15:43:58.027417" elapsed="3.333389"/>
</kw>
<status status="FAIL" start="2025-01-10T15:43:49.319240" elapsed="12.042560">Setup failed:
WebDriverException: Message: Reached error page: about:neterror?e=unknownProtocolFound&amp;u=blank%3Ablank&amp;c=UTF-8&amp;d=Firefox%20doesn%E2%80%99t%20know%20how%20to%20open%20this%20address%2C%20because%20one%20of%20the%20following%20protocols%20%28blank%29%20isn%E2%80%99t%20associated%20with%20any%20program%20or%20is%20not%20allowed%20in%20this%20context.
Stacktrace:
RemoteError@chrome://remote/content/shared/RemoteError.sys.mjs:8:8
WebDriverError@chrome://remote/content/shared/webdriver/Errors.sys.mjs:193:5
UnknownError@chrome://remote/content/shared/webdriver/Errors.sys.mjs:832:5
checkReadyState@chrome://remote/content/marionette/navigate.sys.mjs:58:24
onNavigation@chrome://remote/content/marionette/navigate.sys.mjs:344:39
emit@resource://gre/modules/EventEmitter.sys.mjs:148:20
receiveMessage@chrome://remote/content/marionette/actors/MarionetteEventsParent.sys.mjs:33:25
</status>
</test>
<test id="s1-t2" name="Shoudld be able to land teames page" line="22">
<kw name="Begin web page" owner="Common" type="SETUP">
<kw name="Open Browser" owner="SeleniumLibrary">
<msg time="2025-01-10T15:44:01.367985" level="INFO">Opening browser 'firefox' to base url 'blank:blank'.</msg>
<msg time="2025-01-10T15:44:09.995419" level="INFO" html="true">&lt;/td&gt;&lt;/tr&gt;&lt;tr&gt;&lt;td colspan="3"&gt;&lt;a href="selenium-screenshot-14.png"&gt;&lt;img src="selenium-screenshot-14.png" width="800px"&gt;&lt;/a&gt;</msg>
<msg time="2025-01-10T15:44:09.995419" level="FAIL">WebDriverException: Message: Reached error page: about:neterror?e=unknownProtocolFound&amp;u=blank%3Ablank&amp;c=UTF-8&amp;d=Firefox%20doesn%E2%80%99t%20know%20how%20to%20open%20this%20address%2C%20because%20one%20of%20the%20following%20protocols%20%28blank%29%20isn%E2%80%99t%20associated%20with%20any%20program%20or%20is%20not%20allowed%20in%20this%20context.
Stacktrace:
RemoteError@chrome://remote/content/shared/RemoteError.sys.mjs:8:8
WebDriverError@chrome://remote/content/shared/webdriver/Errors.sys.mjs:193:5
UnknownError@chrome://remote/content/shared/webdriver/Errors.sys.mjs:832:5
checkReadyState@chrome://remote/content/marionette/navigate.sys.mjs:58:24
onNavigation@chrome://remote/content/marionette/navigate.sys.mjs:344:39
emit@resource://gre/modules/EventEmitter.sys.mjs:148:20
receiveMessage@chrome://remote/content/marionette/actors/MarionetteEventsParent.sys.mjs:33:25
</msg>
<arg>blank:blank</arg>
<arg>${BROWSER}</arg>
<doc>Opens a new browser instance to the optional ``url``.</doc>
<status status="FAIL" start="2025-01-10T15:44:01.366986" elapsed="8.630431">WebDriverException: Message: Reached error page: about:neterror?e=unknownProtocolFound&amp;u=blank%3Ablank&amp;c=UTF-8&amp;d=Firefox%20doesn%E2%80%99t%20know%20how%20to%20open%20this%20address%2C%20because%20one%20of%20the%20following%20protocols%20%28blank%29%20isn%E2%80%99t%20associated%20with%20any%20program%20or%20is%20not%20allowed%20in%20this%20context.
Stacktrace:
RemoteError@chrome://remote/content/shared/RemoteError.sys.mjs:8:8
WebDriverError@chrome://remote/content/shared/webdriver/Errors.sys.mjs:193:5
UnknownError@chrome://remote/content/shared/webdriver/Errors.sys.mjs:832:5
checkReadyState@chrome://remote/content/marionette/navigate.sys.mjs:58:24
onNavigation@chrome://remote/content/marionette/navigate.sys.mjs:344:39
emit@resource://gre/modules/EventEmitter.sys.mjs:148:20
receiveMessage@chrome://remote/content/marionette/actors/MarionetteEventsParent.sys.mjs:33:25
</status>
</kw>
<status status="FAIL" start="2025-01-10T15:44:01.365996" elapsed="8.632421">WebDriverException: Message: Reached error page: about:neterror?e=unknownProtocolFound&amp;u=blank%3Ablank&amp;c=UTF-8&amp;d=Firefox%20doesn%E2%80%99t%20know%20how%20to%20open%20this%20address%2C%20because%20one%20of%20the%20following%20protocols%20%28blank%29%20isn%E2%80%99t%20associated%20with%20any%20program%20or%20is%20not%20allowed%20in%20this%20context.
Stacktrace:
RemoteError@chrome://remote/content/shared/RemoteError.sys.mjs:8:8
WebDriverError@chrome://remote/content/shared/webdriver/Errors.sys.mjs:193:5
UnknownError@chrome://remote/content/shared/webdriver/Errors.sys.mjs:832:5
checkReadyState@chrome://remote/content/marionette/navigate.sys.mjs:58:24
onNavigation@chrome://remote/content/marionette/navigate.sys.mjs:344:39
emit@resource://gre/modules/EventEmitter.sys.mjs:148:20
receiveMessage@chrome://remote/content/marionette/actors/MarionetteEventsParent.sys.mjs:33:25
</status>
</kw>
<kw name="End web page" owner="Common" type="TEARDOWN">
<kw name="Close Browser" owner="SeleniumLibrary">
<doc>Closes the current browser.</doc>
<status status="PASS" start="2025-01-10T15:44:10.000417" elapsed="4.415841"/>
</kw>
<status status="PASS" start="2025-01-10T15:44:09.999419" elapsed="4.417863"/>
</kw>
<status status="FAIL" start="2025-01-10T15:44:01.364983" elapsed="13.053284">Setup failed:
WebDriverException: Message: Reached error page: about:neterror?e=unknownProtocolFound&amp;u=blank%3Ablank&amp;c=UTF-8&amp;d=Firefox%20doesn%E2%80%99t%20know%20how%20to%20open%20this%20address%2C%20because%20one%20of%20the%20following%20protocols%20%28blank%29%20isn%E2%80%99t%20associated%20with%20any%20program%20or%20is%20not%20allowed%20in%20this%20context.
Stacktrace:
RemoteError@chrome://remote/content/shared/RemoteError.sys.mjs:8:8
WebDriverError@chrome://remote/content/shared/webdriver/Errors.sys.mjs:193:5
UnknownError@chrome://remote/content/shared/webdriver/Errors.sys.mjs:832:5
checkReadyState@chrome://remote/content/marionette/navigate.sys.mjs:58:24
onNavigation@chrome://remote/content/marionette/navigate.sys.mjs:344:39
emit@resource://gre/modules/EventEmitter.sys.mjs:148:20
receiveMessage@chrome://remote/content/marionette/actors/MarionetteEventsParent.sys.mjs:33:25
</status>
</test>
<status status="FAIL" start="2025-01-10T15:43:48.971259" elapsed="25.460013"/>
</suite>
<statistics>
<total>
<stat pass="0" fail="2" skip="0">All Tests</stat>
</total>
<tag>
</tag>
<suite>
<stat pass="0" fail="2" skip="0" id="s1" name="Front Office">Front Office</stat>
</suite>
</statistics>
<errors>
</errors>
</robot>
